<?xml version="1.0" encoding="utf-8"?><testsuites name="pytest tests"><testsuite name="pytest" errors="0" failures="0" skipped="0" tests="6" time="1.442" timestamp="2026-08-13T06:01:44.305209+00:00" hostname="agent-env-9766e638-c859-4293-b6d6-76509116716d"><testcase classname="tests.test_mindpulse_api" name="test_root" time="0.125" /><testcase classname="tests.test_mindpulse_api" name="test_analyze_stressed_profile" time="0.160" /><testcase classname="tests.test_mindpulse_api" name="test_analyze_healthy_profile" time="0.178" /><testcase classname="tests.test_mindpulse_api" name="test_history_and_detail_persistence" time="0.430" /><testcase classname="tests.test_mindpulse_api" name="test_validation_error" time="0.102" /><testcase classname="tests.test_mindpulse_api" name="test_performance_trained_model" time="0.148" /></testsuite></testsuites>