<?xml version="1.0" encoding="utf-8"?><testsuites name="pytest tests"><testsuite name="pytest" errors="0" failures="0" skipped="0" tests="10" time="2.157" timestamp="2026-08-13T06:31:14.212412+00:00" hostname="agent-env-9766e638-c859-4293-b6d6-76509116716d"><testcase classname="tests.test_mindpulse_api" name="test_root" time="0.275" /><testcase classname="tests.test_mindpulse_api" name="test_health" time="0.094" /><testcase classname="tests.test_mindpulse_api" name="test_analyze_matches_self_report_severity" time="0.211" /><testcase classname="tests.test_mindpulse_api" name="test_analyze_profiles_are_deterministic_and_distinct" time="0.360" /><testcase classname="tests.test_mindpulse_api" name="test_predict_endpoint_accepts_dataset_columns" time="0.147" /><testcase classname="tests.test_mindpulse_api" name="test_dataset_info_matches_real_csv" time="0.098" /><testcase classname="tests.test_mindpulse_api" name="test_model_info_reports_both_models" time="0.103" /><testcase classname="tests.test_mindpulse_api" name="test_history_and_detail_persistence" time="0.329" /><testcase classname="tests.test_mindpulse_api" name="test_validation_error" time="0.102" /><testcase classname="tests.test_mindpulse_api" name="test_performance_serves_real_metrics" time="0.115" /></testsuite></testsuites>